<?xml version="1.0" encoding="UTF-8"?>
<!-- Generated by org.testng.reporters.JUnitReportReporter -->
<testsuite hostname="RockOil" failures="0" tests="1" name="com.qa.orangeHRM.testcases.AddingPayGrades" time="9.149" errors="0" timestamp="2021-04-30T14:41:16 CDT" skipped="0">
  <testcase classname="com.qa.orangeHRM.testcases.AddingPayGrades" name="addingpayGrades" time="9.149"/>
  <system-out/>
</testsuite> <!-- com.qa.orangeHRM.testcases.AddingPayGrades -->
