<?xml version="1.0" encoding="UTF-8"?>
<!-- Generated by org.testng.reporters.JUnitReportReporter -->
<testsuite hostname="RockOil" failures="0" tests="1" name="com.qa.orangeHRM.testcases.AddingJobTitleTest" time="13.014" errors="0" timestamp="2021-04-30T22:05:58 CDT" skipped="0">
  <testcase classname="com.qa.orangeHRM.testcases.AddingJobTitleTest" name="VerifyAddingJobTitle" time="13.014"/>
  <system-out/>
</testsuite> <!-- com.qa.orangeHRM.testcases.AddingJobTitleTest -->
