<?xml version="1.0" encoding="UTF-8"?>
<!-- Generated by org.testng.reporters.JUnitReportReporter -->
<testsuite hostname="RockOil" failures="0" tests="1" name="com.qa.orangeHRM.testcases.LoginTest" time="5.470" errors="0" timestamp="2021-04-30T18:35:57 CDT" skipped="0">
  <testcase classname="com.qa.orangeHRM.testcases.LoginTest" name="VerifyLoginFunctionality" time="5.470"/>
  <system-out/>
</testsuite> <!-- com.qa.orangeHRM.testcases.LoginTest -->
